<?xml version="1.0" encoding="UTF-8"?>
<testsuite xmlns:xsi="http://www.w3.org/2001/XMLSchema-instance" xsi:noNamespaceSchemaLocation="https://maven.apache.org/surefire/maven-surefire-plugin/xsd/surefire-test-report.xsd" name="demoJunit.TestCalculatrice" time="0.021" tests="3" errors="0" skipped="0" failures="3">
  <properties>
[...]
</properties>
  <testcase name="demoJunit.TestCalculatrice.testSoustract" classname="demoJunit.TestCalculatrice" time="0.002">
    <failure message="org/junit/Assert" type="java.lang.NoClassDefFoundError">java.lang.NoClassDefFoundError: org/junit/Assert
	at demoJunit.TestCalculatrice.testSoustract(TestCalculatrice.java:21)
Caused by: java.lang.ClassNotFoundException: org.junit.Assert
	at java.base/jdk.internal.loader.BuiltinClassLoader.loadClass(BuiltinClassLoader.java:581)
	at java.base/jdk.internal.loader.ClassLoaders$AppClassLoader.loadClass(ClassLoaders.java:178)
	at java.base/java.lang.ClassLoader.loadClass(ClassLoader.java:521)
	... 14 more
</failure>
  </testcase>
  <testcase name="demoJunit.TestCalculatrice.testSomme" classname="demoJunit.TestCalculatrice" time="0">
    <failure message="org/junit/Assert" type="java.lang.NoClassDefFoundError">java.lang.NoClassDefFoundError: org/junit/Assert
	at demoJunit.TestCalculatrice.testSomme(TestCalculatrice.java:11)
</failure>
  </testcase>
  <testcase name="demoJunit.TestCalculatrice.testProduit" classname="demoJunit.TestCalculatrice" time="0">
    <failure message="org/junit/Assert" type="java.lang.NoClassDefFoundError">java.lang.NoClassDefFoundError: org/junit/Assert
	at demoJunit.TestCalculatrice.testProduit(TestCalculatrice.java:16)
</failure>
  </testcase>
</testsuite>